<?xml version="1.0" encoding="UTF-8"?>
<!-- Generated by org.testng.reporters.JUnitXMLReporter -->
<testsuite hostname="administrator" name="Test" tests="10" failures="0" timestamp="5 Apr 2017 07:03:07 GMT" time="18.882" errors="0">
  <testcase name="f" time="0.014" classname="com.BridgeTree.TestNG.Global.AppUrl"/>
  <testcase name="login" time="3.307" classname="com.BridgeTree.TestNG.Login"/>
  <testcase name="ManageNavi" time="1.24" classname="com.BridgeTree.TestNG.Caregiver"/>
  <testcase name="CaregiverNavi" time="1.491" classname="com.BridgeTree.TestNG.Caregiver"/>
  <testcase name="CaregiverAddNavi" time="1.288" classname="com.BridgeTree.TestNG.Caregiver"/>
  <testcase name="HomeNavi" time="1.275" classname="com.BridgeTree.TestNG.Calendar"/>
  <testcase name="CalendarNavi" time="1.575" classname="com.BridgeTree.TestNG.Calendar"/>
  <testcase name="CalendarAdminNavi" time="1.348" classname="com.BridgeTree.TestNG.Calendar"/>
  <testcase name="LookupNavi" time="1.528" classname="com.BridgeTree.TestNG.Calendar"/>
  <testcase name="LookupCalSelect" time="5.734" classname="com.BridgeTree.TestNG.Calendar"/>
</testsuite> <!-- Test -->
