<?xml version="1.0" encoding="UTF-8"?>
<testng-results skipped="0" failed="0" total="10" passed="10">
  <reporter-output>
  </reporter-output>
  <suite name="Suite" duration-ms="18882" started-at="2017-04-05T07:02:48Z" finished-at="2017-04-05T07:03:07Z">
    <groups>
    </groups>
    <test name="Test" duration-ms="18882" started-at="2017-04-05T07:02:48Z" finished-at="2017-04-05T07:03:07Z">
      <class name="com.BridgeTree.TestNG.Global.AppUrl">
        <test-method status="PASS" signature="f()[pri:1, instance:com.BridgeTree.TestNG.Global.AppUrl@865dd6]" name="f" duration-ms="14" started-at="2017-04-05T12:32:48Z" finished-at="2017-04-05T12:32:48Z">
          <reporter-output>
          </reporter-output>
        </test-method> <!-- f -->
      </class> <!-- com.BridgeTree.TestNG.Global.AppUrl -->
      <class name="com.BridgeTree.TestNG.Calendar">
        <test-method status="PASS" signature="HomeNavi()[pri:1, instance:com.BridgeTree.TestNG.Calendar@6a370f4]" name="HomeNavi" duration-ms="1275" started-at="2017-04-05T12:32:55Z" finished-at="2017-04-05T12:32:57Z">
          <reporter-output>
          </reporter-output>
        </test-method> <!-- HomeNavi -->
        <test-method status="PASS" signature="CalendarNavi()[pri:2, instance:com.BridgeTree.TestNG.Calendar@6a370f4]" name="CalendarNavi" duration-ms="1575" started-at="2017-04-05T12:32:57Z" finished-at="2017-04-05T12:32:58Z">
          <reporter-output>
          </reporter-output>
        </test-method> <!-- CalendarNavi -->
        <test-method status="PASS" signature="CalendarAdminNavi()[pri:3, instance:com.BridgeTree.TestNG.Calendar@6a370f4]" name="CalendarAdminNavi" duration-ms="1348" started-at="2017-04-05T12:32:58Z" finished-at="2017-04-05T12:32:59Z">
          <reporter-output>
          </reporter-output>
        </test-method> <!-- CalendarAdminNavi -->
        <test-method status="PASS" signature="LookupNavi()[pri:5, instance:com.BridgeTree.TestNG.Calendar@6a370f4]" name="LookupNavi" duration-ms="1528" started-at="2017-04-05T12:32:59Z" finished-at="2017-04-05T12:33:01Z">
          <reporter-output>
          </reporter-output>
        </test-method> <!-- LookupNavi -->
        <test-method status="PASS" signature="LookupCalSelect()[pri:6, instance:com.BridgeTree.TestNG.Calendar@6a370f4]" name="LookupCalSelect" duration-ms="5734" started-at="2017-04-05T12:33:01Z" finished-at="2017-04-05T12:33:07Z">
          <reporter-output>
          </reporter-output>
        </test-method> <!-- LookupCalSelect -->
      </class> <!-- com.BridgeTree.TestNG.Calendar -->
      <class name="com.BridgeTree.TestNG.Caregiver">
        <test-method status="PASS" signature="ManageNavi()[pri:1, instance:com.BridgeTree.TestNG.Caregiver@503d687a]" name="ManageNavi" duration-ms="1240" started-at="2017-04-05T12:32:51Z" finished-at="2017-04-05T12:32:52Z">
          <reporter-output>
          </reporter-output>
        </test-method> <!-- ManageNavi -->
        <test-method status="PASS" signature="CaregiverNavi()[pri:2, instance:com.BridgeTree.TestNG.Caregiver@503d687a]" name="CaregiverNavi" duration-ms="1491" started-at="2017-04-05T12:32:52Z" finished-at="2017-04-05T12:32:54Z">
          <reporter-output>
          </reporter-output>
        </test-method> <!-- CaregiverNavi -->
        <test-method status="PASS" signature="CaregiverAddNavi()[pri:3, instance:com.BridgeTree.TestNG.Caregiver@503d687a]" name="CaregiverAddNavi" duration-ms="1288" started-at="2017-04-05T12:32:54Z" finished-at="2017-04-05T12:32:55Z">
          <reporter-output>
          </reporter-output>
        </test-method> <!-- CaregiverAddNavi -->
      </class> <!-- com.BridgeTree.TestNG.Caregiver -->
      <class name="com.BridgeTree.TestNG.Login">
        <test-method status="PASS" signature="login()[pri:1, instance:com.BridgeTree.TestNG.Login@62e7f11d]" name="login" duration-ms="3307" started-at="2017-04-05T12:32:48Z" finished-at="2017-04-05T12:32:51Z">
          <reporter-output>
          </reporter-output>
        </test-method> <!-- login -->
      </class> <!-- com.BridgeTree.TestNG.Login -->
    </test> <!-- Test -->
  </suite> <!-- Suite -->
</testng-results>
